Arguments: 
  /usr/bin/node /bin/yarn init

PATH: 
  /home/byakuya/.gvm/bin:/home/byakuya/.opam/default/bin:/home/byakuya/.cabal/bin:/home/byakuya/.ghcup/bin:/home/byakuya/.fly/bin:/home/byakuya/.nimble/bin:/home/byakuya/go/bin:/home/byakuya/.gvm/bin:/home/byakuya/.opam/default/bin:/home/byakuya/.cabal/bin:/home/byakuya/.ghcup/bin:/home/byakuya/.fly/bin:/home/byakuya/.nimble/bin:/home/byakuya/go/bin:/usr/local/bin:/bin:/usr/bin:/usr/local/sbin:/usr/sbin:/sbin:/opt/texlive/2022/bin/x86_64-linux:/home/byakuya/.ghcup/bin:/usr/lib/psql13/bin:/opt/texlive/2022/bin/x86_64-linux:/home/byakuya/Programming/cross-toolchains/cmdline-tools/sdk//emulator:/home/byakuya/Programming/cross-toolchains/cmdline-tools/sdk//tools:/home/byakuya/Programming/cross-toolchains/cmdline-tools/sdk//tools/bin:/home/byakuya/Programming/cross-toolchains/cmdline-tools/sdk//platform-tools:/home/byakuya/.local/bin:/opt/texlive/2022/bin/x86_64-linux:/home/byakuya/.opam/default/bin:/home/byakuya/Programming/tool/flutter/bin:/home/byakuya/Programming/cross-toolchains/cmdline-tools/sdk//emulator:/home/byakuya/Programming/cross-toolchains/cmdline-tools/sdk//tools:/home/byakuya/Programming/cross-toolchains/cmdline-tools/sdk//tools/bin:/home/byakuya/Programming/cross-toolchains/cmdline-tools/sdk//platform-tools:/home/byakuya/.local/bin:/opt/texlive/2022/bin/x86_64-linux:/home/byakuya/.opam/default/bin:/home/byakuya/Programming/tool/flutter/bin

Yarn version: 
  1.22.17

Node version: 
  16.15.1

Platform: 
  linux x64

Trace: 
  Error: canceled
      at Interface.<anonymous> (/usr/lib/node_modules/yarn/lib/cli.js:137143:13)
      at Interface.emit (node:events:527:28)
      at Interface._ttyWrite (node:readline:1081:16)
      at ReadStream.onkeypress (node:readline:288:10)
      at ReadStream.emit (node:events:527:28)
      at emitKeys (node:internal/readline/utils:358:14)
      at emitKeys.next (<anonymous>)
      at ReadStream.onData (node:internal/readline/emitKeypressEvents:61:36)
      at ReadStream.emit (node:events:527:28)
      at addChunk (node:internal/streams/readable:315:12)

npm manifest: 
  No manifest

yarn manifest: 
  No manifest

Lockfile: 
  No lockfile
